[2026-02;11 08:47:45] Error: Exception: This should go into the logs in C:\projects\PHP\Project2-Blog\bin\schema_load.php on line 10
[2026-02;11 20:01:04] Error: Exception: This has happened on the web! in C:\projects\PHP\Project2-Blog\app\Controller\HomeController.php on line 10
[2026-02;11 20:01:04] Error: ErrorException: Undefined variable $errorMesssage in C:\projects\PHP\Project2-Blog\app\Views\errors\500.php on line 2
[2026-02;11 20:05:14] Error: Exception: This has happened on the web! in C:\projects\PHP\Project2-Blog\app\Controller\HomeController.php on line 10
[2026-02;11 20:06:22] Error: Exception: This has happened on the web! in C:\projects\PHP\Project2-Blog\app\Controller\HomeController.php on line 10
[2026-02;11 20:08:06] Error: Exception: This has happened on the web! in C:\projects\PHP\Project2-Blog\app\Controller\HomeController.php on line 10
[2026-02;15 18:30:49] Error: ErrorException: Creation of dynamic property App\Models\Post::$id is deprecated in C:\projects\PHP\Project2-Blog\core\Database.php on line 44
[2026-02;19 12:23:26] Error: Error: Class "app\Models\Post" not found in C:\projects\PHP\Project2-Blog\app\Controllers\PostController.php on line 16
[2026-02;19 12:23:58] Error: Error: Class "app\Models\Post" not found in C:\projects\PHP\Project2-Blog\app\Controllers\PostController.php on line 16
[2026-02;19 12:24:08] Error: Error: Class "app\Models\Post" not found in C:\projects\PHP\Project2-Blog\app\Controllers\PostController.php on line 16
[2026-02;19 12:33:24] Error: Error: Class "app\Models\Post" not found in C:\projects\PHP\Project2-Blog\app\Controllers\PostController.php on line 16
[2026-02;19 12:33:31] Error: Error: Class "app\Models\Post" not found in C:\projects\PHP\Project2-Blog\app\Controllers\PostController.php on line 16
[2026-02;19 12:35:16] Error: Error: Class "app\Models\Post" not found in C:\projects\PHP\Project2-Blog\app\Controllers\PostController.php on line 16
[2026-02;19 12:40:04] Error: Error: Class "app\Models\Comment" not found in C:\projects\PHP\Project2-Blog\app\Controllers\PostController.php on line 22
[2026-02;19 12:40:23] Error: Error: Class "core\View" not found in C:\projects\PHP\Project2-Blog\app\Controllers\PostController.php on line 26
[2026-02;20 09:53:35] Error: TypeError: Core\Model::find(): Return value must be of type ?App\Models\Post, false returned in C:\projects\PHP\Project2-Blog\core\Model.php on line 14
[2026-02;20 10:17:50] Error: ErrorException: Undefined array key "page" in C:\projects\PHP\Project2-Blog\app\Controllers\PostController.php on line 12
[2026-02;20 15:42:54] Error: Error: Class "app\Models\User" not found in C:\projects\PHP\Project2-Blog\app\Services\Auth.php on line 9
[2026-02;20 15:47:22] Error: ErrorException: session_regenerate_id(): Session ID cannot be regenerated when there is no active session in C:\projects\PHP\Project2-Blog\app\Services\Auth.php on line 13
[2026-02;23 10:47:01] Error: Error: Unknown named parameter $id in C:\projects\PHP\Project2-Blog\core\Router.php on line 93
[2026-02;24 17:55:54] Error: RuntimeException: Error: Template file not found: C:\projects\PHP\Project2-Blog/app/Views/admin/posts/index.php in C:\projects\PHP\Project2-Blog\core\View.php on line 32
[2026-02;24 17:57:23] Error: ErrorException: Undefined variable $perPage in C:\projects\PHP\Project2-Blog\app\Views\admin\post\index.php on line 31
[2026-02;24 18:37:52] Error: RuntimeException: Error: Template file not found: C:\projects\PHP\Project2-Blog/app/Views/admin/post/edit.php in C:\projects\PHP\Project2-Blog\core\View.php on line 32
